-------------------------------------------------------------------------------
Test set: gov.daip.d8.test.DAIPAcceptanceTestSuite
-------------------------------------------------------------------------------
Tests run: 498, Failures: 6, Errors: 0, Skipped: 0, Time elapsed: 1,304.616 sec <<< FAILURE! - in gov.daip.d8.test.DAIPAcceptanceTestSuite
Then the <menuLinks> page should open correctly(gov.daip.d8.test.DailyRegressionSteps)  Time elapsed: 0.836 sec  <<< FAILURE!
org.junit.ComparisonFailure: expected:<[immediate needs]> but was:<[sitemap]>
	at gov.daip.d8.test.DailyRegressionSteps.then_the_menu_links_page_should_open_correctly(DailyRegressionSteps.java:70)

Then the <menuLinks> page should open correctly(gov.daip.d8.test.DailyRegressionSteps)  Time elapsed: 0.572 sec  <<< FAILURE!
org.junit.ComparisonFailure: expected:<[moving forward]> but was:<[sitemap]>
	at gov.daip.d8.test.DailyRegressionSteps.then_the_menu_links_page_should_open_correctly(DailyRegressionSteps.java:70)

Then the <menuLinks> page should open correctly(gov.daip.d8.test.DailyRegressionSteps)  Time elapsed: 0.588 sec  <<< FAILURE!
org.junit.ComparisonFailure: expected:<[disabilities or access and functional needs]> but was:<[sitemap]>
	at gov.daip.d8.test.DailyRegressionSteps.then_the_menu_links_page_should_open_correctly(DailyRegressionSteps.java:70)

Then the <menuLinks> page should open correctly(gov.daip.d8.test.DailyRegressionSteps)  Time elapsed: 0.603 sec  <<< FAILURE!
org.junit.ComparisonFailure: expected:<[older americans]> but was:<[sitemap]>
	at gov.daip.d8.test.DailyRegressionSteps.then_the_menu_links_page_should_open_correctly(DailyRegressionSteps.java:70)

Then the <menuLinks> page should open correctly(gov.daip.d8.test.DailyRegressionSteps)  Time elapsed: 0.617 sec  <<< FAILURE!
org.junit.ComparisonFailure: expected:<[children and families]> but was:<[sitemap]>
	at gov.daip.d8.test.DailyRegressionSteps.then_the_menu_links_page_should_open_correctly(DailyRegressionSteps.java:70)

Then the <menuLinks> page should open correctly(gov.daip.d8.test.DailyRegressionSteps)  Time elapsed: 0.619 sec  <<< FAILURE!
org.junit.ComparisonFailure: expected:<[disaster types]> but was:<[sitemap]>
	at gov.daip.d8.test.DailyRegressionSteps.then_the_menu_links_page_should_open_correctly(DailyRegressionSteps.java:70)

