<?xml version="1.0" encoding="UTF-8"?><testsuite errors="0" failures="0" name="Regression checklist spanish" skipped="46" tests="46" time="446.47" timestamp="2018-01-30T14:27:07.678-05:00[America/New_York]"><testcase name="(Spanish) Verify all the menu links on the &quot;Get Assistance&quot; tab"><skipped/></testcase><testcase name="(Spanish) Verify all the menu links on the &quot;Information&quot; tab"><skipped/></testcase><testcase name="(Spanish) Verify all the menu links on the &quot;About Us&quot; tab"><skipped/></testcase><testcase name="(Spanish) Verify all the menu links on the &quot;Help&quot; tab"><skipped/></testcase><testcase name="(Spanish) Verify the main links on homepage to assert that the Spanish pages open correctly"><skipped/></testcase><testcase name="(Spanish) Verify states in the Spanish declared disaster map are clickable"><skipped/></testcase><testcase name="(Spanish) Verify the declared states on the declared disaster map"><skipped/></testcase><testcase name="(Spanish) Verify Local Resources flows correctly on the Spanish homepage"><skipped/></testcase><testcase name="(Spanish) Verify all of the titles on the &quot;News Feeds&quot; landing page node"><skipped/></testcase><testcase name="(Spanish) Verify the results of the quick search items on the Community Leaders page"><skipped/></testcase><testcase name="(Spanish) Verify the declared disasters with Address Look-up"><skipped/></testcase><testcase name="(Spanish) Verify Spanish benefits results display according to use cases"><skipped/></testcase><testcase name="(Spanish) Dynamically verify results of the questionnaire on the &quot;Find Assistance&quot; page"><skipped/></testcase><testcase name="(Spanish) Verify all the functionality of the FOA questionnaire"><skipped/></testcase><testcase name="(Spanish) Verify that the FEMA Twitter feed is present on the Spanish homepage"><skipped/></testcase><testcase name="(Spanish) Verify the Category Type filter with the first seven types on the Forms of Assistance page"><skipped/></testcase><testcase name="(Spanish) Verify the Category Type filter with the next eight types on the Forms of Assistance page"><skipped/></testcase><testcase name="(Spanish) Verify the Federal Agency filter on the Forms of Assistance page"><skipped/></testcase><testcase name="(Spanish) Verify the Federal Agency filter with the next seven types on the Forms of Assistance page"><skipped/></testcase></testsuite>