<?xml version="1.0" encoding="UTF-8"?><testsuite errors="0" failures="0" name="Regression checklist" skipped="44" tests="45" time="457.12" timestamp="2018-01-24T11:56:06.502-05:00[America/New_York]"><testcase name="Verify all the menu links on the &quot;Get Assistance&quot; tab"><skipped/></testcase><testcase name="Verify all the menu links on the &quot;Information&quot; tab"><skipped/></testcase><testcase name="Verify all the menu links on the &quot;About Us&quot; tab"><skipped/></testcase><testcase name="Verify all the menu links on the &quot;Help&quot; tab"><skipped/></testcase><testcase name="Verify the main links on homepage to assert that the pages open correctly"><skipped/></testcase><testcase name="Verify states in the declared disaster map are clickable"><skipped/></testcase><testcase name="Verify the declared states on the declared disaster map"><skipped/></testcase><testcase name="Verify Local Resources flows correctly"><skipped/></testcase><testcase name="Verify all of the titles on the &quot;News Feeds&quot; landing page node"><skipped/></testcase><testcase name="Verify the results of the quick search items"><skipped/></testcase><testcase name="Verify the declared disasters with Address Look-up"><skipped/></testcase><testcase name="Verify benefits results display according to use cases"><skipped/></testcase><testcase name="Dynamically verify results of the questionnaire on the &quot;Find Assistance&quot; page"><skipped/></testcase><testcase name="Verify all the functionality of the FOA questionnaire"/><testcase name="Verify that the FEMA Twitter feed is present on the News Feeds page"><skipped/></testcase><testcase name="Verify the Category Type filter with the first seven types on the Forms of Assistance page"><skipped/></testcase><testcase name="Verify the Category Type filter with the next eight types on the Forms of Assistance page"><skipped/></testcase><testcase name="Verify the Federal Agency filter on the Forms of Assistance page"><skipped/></testcase><testcase name="Verify the Federal Agency filter with the next seven types on the Forms of Assistance page"><skipped/></testcase></testsuite>