<?xml version="1.0" encoding="UTF-8"?><testsuite errors="0" failures="6" name="Regression checklist" skipped="50" tests="100" time="826.63" timestamp="2018-03-09T13:00:03.798-05:00[America/New_York]"><testcase name="Homepage - Header - All the menu links on the &quot;Get Assistance&quot; tab"><skipped/></testcase><testcase name="Homepage - Header - All the menu links on the &quot;Information&quot; tab"><skipped/></testcase><testcase name="Homepage - Header - All the menu links on the &quot;About Us&quot; tab"><skipped/></testcase><testcase name="Homepage - Header - All the menu links on the &quot;Help&quot; tab"><skipped/></testcase><testcase name="Homepage - Key Links - Main links on homepage to assert that the pages open correctly"><skipped/></testcase><testcase name="Homepage - Currently declared disasters - States in the declared disaster map are clickable"><skipped/></testcase><testcase name="Homepage - Currently declared disasters - The declared states on the declared disaster map"><skipped/></testcase><testcase name="Homepage - Find Local Resources flows correctly"><skipped/></testcase><testcase name="News Feeds - All of the titles on the page"><skipped/></testcase><testcase name="Community Leaders - Results of the quick search items"><skipped/></testcase><testcase name="Homepage - Address Look-Up - Declared disasters"><skipped/></testcase><testcase name="Address Look-Up - Declared disasters"><skipped/></testcase><testcase name="Find Assistance - Benefits results display according to use cases"><skipped/></testcase><testcase name="Find Assistance - Dynamically verify results of the questionnaire"><skipped/></testcase><testcase name="Find Assistance - All the functionality of the FOA questionnaire"><skipped/></testcase><testcase name="News Feeds - FEMA Twitter feed is present"><skipped/></testcase><testcase name="Forms of Assistance - Category Type filter with the first seven types"><skipped/></testcase><testcase name="Forms of Assistance - Category Type filter with the next eight types"><skipped/></testcase><testcase name="Forms of Assistance - Federal Agency filter with the first seven types"><skipped/></testcase><testcase name="Forms of Assistance - Federal Agency filter with the next seven types"><skipped/></testcase><testcase name="Homepage - &quot;Apply Online&quot; DAC page includes mobile flag"><skipped/></testcase><testcase name="Homepage - &quot;Check Status&quot; DAC page includes mobile flag"><skipped/></testcase><testcase name="Community Leaders - Type keyword into search bar"><skipped/></testcase><testcase name="Sitemap - All links in Sitemap point to the right page"><failure message="expected:&lt;[immediate needs]&gt; but was:&lt;[sitemap]&gt;" type="org.junit.ComparisonFailure">expected:&lt;[immediate needs]&gt; but was:&lt;[sitemap]&gt;</failure><system-err>expected:&lt;[immediate needs]&gt; but was:&lt;[sitemap]&gt;
gov.daip.d8.test.User.shouldSeePage(User.java:189)
gov.daip.d8.test.DailyRegressionSteps.then_the_menu_links_page_should_open_correctly(DailyRegressionSteps.java:70)
</system-err></testcase></testsuite>