<?xml version="1.0" encoding="UTF-8"?><testsuite errors="0" failures="0" name="Regression checklist" skipped="15" tests="15" time="175.73" timestamp="2017-12-18T15:48:52.808-05:00[America/New_York]"><testcase name="Verify the main links on homepage to assert that the pages open correctly"><skipped/></testcase><testcase name="Verify states in the declared disaster map are clickable"><skipped/></testcase><testcase name="Verify the declared states on the declared disaster map"><skipped/></testcase><testcase name="Verify Local Resources flows correctly"><skipped/></testcase><testcase name="Verify all of the titles on the &quot;News Feeds&quot; landing page node"><skipped/></testcase><testcase name="Verify the results of the quick search items"><skipped/></testcase><testcase name="Verify the declared disasters with Address Look-up"><skipped/></testcase><testcase name="Verify benefits results display according to use cases"><skipped/></testcase><testcase name="Dynamically verify results of the questionnaire on the &quot;Find Assistance&quot; page"><skipped/></testcase><testcase name="Verify that the FEMA Twitter feed is present on the News Feeds page"><skipped/></testcase></testsuite>